Skipping virtualenv creation, as specified in config file.
============================= test session starts ==============================
platform linux -- Python 3.13.10, pytest-8.4.2, pluggy-1.6.0
rootdir: /workspace
configfile: pyproject.toml
plugins: anyio-4.11.0, cov-6.3.0, xdist-3.8.0, asyncio-0.24.0
asyncio: mode=Mode.STRICT, default_loop_scope=None
collected 1 item

tests/integration/test_graph_enrichment.py .                             [100%]

=============================== warnings summary ===============================
../usr/local/lib/python3.13/site-packages/uvloop/__init__.py:31
  /usr/local/lib/python3.13/site-packages/uvloop/__init__.py:31: DeprecationWarning: uvloop.install() is deprecated in favor of uvloop.run() starting with Python 3.12.
    _warnings.warn(

-- Docs: https://docs.pytest.org/en/stable/how-to/capture-warnings.html
================================ tests coverage ================================
_______________ coverage: platform linux, python 3.13.10-final-0 _______________

Name                                                  Stmts   Miss   Cover   Missing
------------------------------------------------------------------------------------
src/jarvis/__init__.py                                    7      2  71.43%   10-12
src/jarvis/agents/__init__.py                             2      2   0.00%   3-5
src/jarvis/agents/aggregator.py                          73     73   0.00%   7-149
src/jarvis/agents/confidence_scorer.py                    5      5   0.00%   2-29
src/jarvis/agents/consensus.py                           57     57   0.00%   8-184
src/jarvis/agents/orchestrator.py                        76     76   0.00%   7-188
src/jarvis/agents/parallel_invocation.py                126    126   0.00%   9-428
src/jarvis/agents/persona_db.py                          82     82   0.00%   7-214
src/jarvis/agents/persona_helpers.py                     62     62   0.00%   5-109
src/jarvis/agents/personas.py                            68     68   0.00%   11-174
src/jarvis/agents/response.py                            36     36   0.00%   8-99
src/jarvis/analytics/__init__.py                          2      2   0.00%   3-14
src/jarvis/analytics/domain_evolution.py                142    142   0.00%   7-332
src/jarvis/api/__init__.py                                2      2   0.00%   3-5
src/jarvis/api/app.py                                    55     55   0.00%   7-125
src/jarvis/api/chat.py                                   28     28   0.00%   5-48
src/jarvis/api/conversations.py                          94     94   0.00%   7-352
src/jarvis/api/dashboard.py                             254    254   0.00%   12-938
src/jarvis/api/docs.py                                   66     66   0.00%   7-230
src/jarvis/api/memory.py                                167    167   0.00%   6-532
src/jarvis/api/schemas.py                               193    193   0.00%   7-704
src/jarvis/api/trace.py                                  79     79   0.00%   8-188
src/jarvis/arches/__init__.py                             3      0 100.00%
src/jarvis/arches/controller.py                         123     83  32.52%   47-48, 83-89, 108-120, 130, 141-146, 150, 177-184, 191-203, 210-217, 228-235, 246-253, 269, 276, 287, 298, 305-311, 318, 335, 351, 366, 377, 387-389
src/jarvis/arches/execution_controller.py                11      4  63.64%   26, 35-38
src/jarvis/arches/memory_controller.py                   13      4  69.23%   27, 39, 46-47
src/jarvis/arches/memory_tracker.py                      71     64   9.86%   25-51, 66-122
src/jarvis/arches/planning_controller.py                 30     17  43.33%   29-31, 35-39, 47-51, 59-63, 75, 83
src/jarvis/arches/research_decision.py                   26     19  26.92%   32-48, 56-80
src/jarvis/arches/safety_controller.py                   33     25  24.24%   25, 35-39, 62-85, 98-109
src/jarvis/arches/session_manager.py                     53     39  26.42%   25-27, 41-83, 87-88, 100-148
src/jarvis/arches/state.py                               77      9  88.31%   58-59, 63-64, 68-69, 116-117, 125
src/jarvis/arches/trace.py                              127     49  61.42%   47, 64, 80, 151-198, 202, 211-229, 272-275, 279-281, 285, 302-326, 346-355, 377-403
src/jarvis/arches/trace_helpers.py                       49     39  20.41%   30-59, 78-92, 110-123, 137-145, 158-166
src/jarvis/arches/voting_reaction.py                     60     50  16.67%   31-45, 49-59, 63-77, 81-90, 94-108
src/jarvis/cli/__init__.py                                0      0 100.00%
src/jarvis/cli/analytics.py                             195    195   0.00%   1-682
src/jarvis/cli/commands/__init__.py                       2      2   0.00%   3-5
src/jarvis/cli/commands/personas.py                     163    163   0.00%   3-313
src/jarvis/cli/doctor.py                                 19     19   0.00%   1-36
src/jarvis/cli/doctor_checks.py                          98     98   0.00%   1-227
src/jarvis/cli/health.py                                 37     37   0.00%   3-155
src/jarvis/cli/main.py                                   26     26   0.00%   1-57
src/jarvis/cli/memory.py                                 90     90   0.00%   1-195
src/jarvis/cli/query.py                                  45     45   0.00%   9-126
src/jarvis/cli/query_council.py                          45     45   0.00%   2-90
src/jarvis/cli/query_council_exec.py                     57     57   0.00%   5-137
src/jarvis/cli/query_output.py                           44     44   0.00%   2-102
src/jarvis/cli/query_phases.py                          113    113   0.00%   5-230
src/jarvis/cli/query_prompts.py                          26     26   0.00%   2-91
src/jarvis/cli/query_retrieval.py                        31     31   0.00%   2-85
src/jarvis/cli/query_router.py                           96     96   0.00%   6-165
src/jarvis/cli/query_validation.py                       39     39   0.00%   2-94
src/jarvis/cli/snapshot.py                               59     59   0.00%   2-117
src/jarvis/cli/trace.py                                 126    126   0.00%   9-251
src/jarvis/cli/watch.py                                  30     30   0.00%   3-87
src/jarvis/config/__init__.py                             2      2   0.00%   1-3
src/jarvis/config/settings.py                           114    114   0.00%   1-241
src/jarvis/database/__init__.py                           2      0 100.00%
src/jarvis/database/models.py                           208     14  93.27%   66, 126, 155, 189, 219, 263, 300, 338, 389, 430, 506, 528, 548, 564
src/jarvis/database/postgres.py                          97     36  62.89%   73, 106, 128-129, 152-161, 165-166, 181, 212-216, 229-233, 248-250, 268-281
src/jarvis/database/qdrant.py                            68     42  38.24%   58-61, 84-112, 123-125, 169-212, 231-242, 263-274
src/jarvis/llm/__init__.py                                2      0 100.00%
src/jarvis/llm/client.py                                116     72  37.93%   69-75, 79-81, 85-101, 105-118, 138-139, 151-163, 183-192, 244-266, 269-272, 276-279, 283-286, 295-314
src/jarvis/llm/google_rest_client.py                     72     23  68.06%   56, 72, 77-84, 102, 110, 126-137
src/jarvis/llm/google_sdk_client.py                      51     51   0.00%   5-96
src/jarvis/llm/providers.py                             215    153  28.84%   54, 59, 72-75, 79, 88-140, 160-163, 167, 176-250, 262-266, 270, 279-324, 345, 361-363, 386, 404-408, 412, 421-467, 481-482, 486-495, 504-560, 568-585, 592, 601-634
src/jarvis/mcp_server.py                                 85     85   0.00%   10-167
src/jarvis/memory/__init__.py                             3      0 100.00%
src/jarvis/memory/catalog_helpers.py                    133    133   0.00%   5-256
src/jarvis/memory/compile.py                             84     84   0.00%   7-305
src/jarvis/memory/confidence_scorer.py                   67     67   0.00%   10-170
src/jarvis/memory/critical_integrator.py                 31     31   0.00%   3-64
src/jarvis/memory/diversity.py                           95     84  11.58%   68-110, 123-170, 178-187, 210-252, 261-270
src/jarvis/memory/domain_catalog.py                     224    224   0.00%   13-585
src/jarvis/memory/domain_classifiers.py                 326    326   0.00%   5-478
src/jarvis/memory/domain_heuristics.py                   51     24  52.94%   150-197, 208-215
src/jarvis/memory/domain_relationships.py                83     83   0.00%   7-360
src/jarvis/memory/enrich.py                             109    109   0.00%   11-307
src/jarvis/memory/enrichment_scorer.py                  155    155   0.00%   7-347
src/jarvis/memory/file_event_helpers.py                  34     34   0.00%   5-70
src/jarvis/memory/file_watcher.py                       119    119   0.00%   7-220
src/jarvis/memory/gap_analyzer.py                       117     73  37.61%   47, 51-59, 64, 67-80, 90, 93-101, 104-140, 151, 154-172, 175-182
src/jarvis/memory/graph_enricher.py                      77     14  81.82%   50, 70-71, 75-77, 96-98, 104-105, 119-120, 135
src/jarvis/memory/heuristics/__init__.py                  2      0 100.00%
src/jarvis/memory/heuristics/ai_ml_domains.py             3      0 100.00%
src/jarvis/memory/heuristics/bmad_domains.py              3      0 100.00%
src/jarvis/memory/heuristics/cyber_domains.py             3      0 100.00%
src/jarvis/memory/heuristics/dev_infra_domains.py         3      0 100.00%
src/jarvis/memory/heuristics/domain_descriptions.py       7      7   0.00%   6-70
src/jarvis/memory/heuristics/enterprise_domains.py        3      0 100.00%
src/jarvis/memory/heuristics/finance_domains.py           3      0 100.00%
src/jarvis/memory/heuristics/gd_domains.py                3      0 100.00%
src/jarvis/memory/heuristics/jarvis_domains.py            4      0 100.00%
src/jarvis/memory/heuristics/philosophy_domains.py        3      0 100.00%
src/jarvis/memory/heuristics/psychology_domains.py        3      0 100.00%
src/jarvis/memory/heuristics/science_domains.py           3      0 100.00%
src/jarvis/memory/heuristics/tag_descriptions.py          7      7   0.00%   7-94
src/jarvis/memory/heuristics/telecom_domains.py           3      0 100.00%
src/jarvis/memory/ingest.py                             147    147   0.00%   10-323
src/jarvis/memory/ingest_helpers.py                      82     82   0.00%   5-217
src/jarvis/memory/intent_analyzer.py                     40     40   0.00%   10-163
src/jarvis/memory/keyword_miner.py                       92     92   0.00%   8-246
src/jarvis/memory/mcp_tools.py                           27     27   0.00%   7-61
src/jarvis/memory/query_expander.py                      75     64  14.67%   77-126, 135-147, 156-168, 178-202
src/jarvis/memory/research_executor.py                   57     57   0.00%   3-89
src/jarvis/memory/research_helpers.py                    40     40   0.00%   5-64
src/jarvis/memory/research_limits.py                     43     43   0.00%   3-74
src/jarvis/memory/research_planner.py                    70     70   0.00%   3-135
src/jarvis/memory/retrieval/core.py                     261    229  12.26%   30-55, 58-71, 77-80, 83-84, 87-111, 114-119, 125-136, 152-263, 273-330, 339-408, 421-484
src/jarvis/memory/retrieval/filters.py                  262    230  12.21%   37, 65-73, 76-89, 92-117, 124-146, 149-191, 194-200, 203-237, 244-273, 287-329, 332-350, 353-356, 359-366, 369-412
src/jarvis/memory/retrieval/fusion.py                    73     60  17.81%   21-29, 42-125
src/jarvis/memory/retrieval/types.py                     20      0 100.00%
src/jarvis/memory/search.py                              11      3  72.73%   37-39
src/jarvis/memory/temporal_chunk_manager.py              28     28   0.00%   3-64
src/jarvis/memory/validate_domains.py                    85     85   0.00%   11-174
src/jarvis/memory/web_search.py                          34     34   0.00%   6-97
src/jarvis/monitoring/__init__.py                         2      2   0.00%   3-10
src/jarvis/monitoring/health_checkers.py                 70     70   0.00%   5-166
src/jarvis/monitoring/health_monitor.py                 124    124   0.00%   11-281
src/jarvis/observability/__init__.py                      2      0 100.00%
src/jarvis/observability/metrics.py                       7      0 100.00%
src/jarvis/observability/telemetry.py                    31     16  48.39%   23-32, 36-68
src/jarvis/workspace/__init__.py                          2      2   0.00%   1-3
src/jarvis/workspace/workspace.py                        92     92   0.00%   1-121
------------------------------------------------------------------------------------
TOTAL                                                  8263   7217  12.66%
======================== 1 passed, 1 warning in 25.16s =========================
